[1.733s] Invoking command in '/home/ojg/ae/build/obs_detect': PYTHONPATH=/home/ojg/ae/build/obs_detect/prefix_override:/usr/lib/python3/dist-packages/colcon_core/task/python/colcon_distutils_commands:/home/ojg/ae/install/obs_detect/lib/python3.10/site-packages:${PYTHONPATH} /usr/bin/python3 -W ignore:setup.py install is deprecated -W ignore:easy_install command is deprecated setup.py develop --editable --build-directory /home/ojg/ae/build/obs_detect/build --no-deps symlink_data
[2.079s] running develop
[2.318s] running egg_info
[2.318s] creating obs_detect.egg-info
[2.319s] writing obs_detect.egg-info/PKG-INFO
[2.319s] writing dependency_links to obs_detect.egg-info/dependency_links.txt
[2.319s] writing entry points to obs_detect.egg-info/entry_points.txt
[2.319s] writing requirements to obs_detect.egg-info/requires.txt
[2.319s] writing top-level names to obs_detect.egg-info/top_level.txt
[2.319s] writing manifest file 'obs_detect.egg-info/SOURCES.txt'
[2.321s] reading manifest file 'obs_detect.egg-info/SOURCES.txt'
[2.322s] writing manifest file 'obs_detect.egg-info/SOURCES.txt'
[2.323s] running build_ext
[2.324s] Creating /home/ojg/ae/install/obs_detect/lib/python3.10/site-packages/obs-detect.egg-link (link to .)
[2.325s] Installing boundary_viz_node script to /home/ojg/ae/install/obs_detect/lib/obs_detect
[2.325s] Installing ring_obs_node script to /home/ojg/ae/install/obs_detect/lib/obs_detect
[2.325s] 
[2.325s] Installed /home/ojg/ae/build/obs_detect
[2.325s] running symlink_data
[2.325s] creating /home/ojg/ae/install/obs_detect/share/ament_index
[2.326s] creating /home/ojg/ae/install/obs_detect/share/ament_index/resource_index
[2.326s] creating /home/ojg/ae/install/obs_detect/share/ament_index/resource_index/packages
[2.326s] symbolically linking /home/ojg/ae/build/obs_detect/resource/obs_detect -> /home/ojg/ae/install/obs_detect/share/ament_index/resource_index/packages
[2.326s] symbolically linking /home/ojg/ae/build/obs_detect/package.xml -> /home/ojg/ae/install/obs_detect/share/obs_detect
[2.326s] creating /home/ojg/ae/install/obs_detect/share/obs_detect/config
[2.326s] symbolically linking /home/ojg/ae/build/obs_detect/config/obs_detect_params.yaml -> /home/ojg/ae/install/obs_detect/share/obs_detect/config
[2.326s] creating /home/ojg/ae/install/obs_detect/share/obs_detect/launch
[2.326s] symbolically linking /home/ojg/ae/build/obs_detect/launch/ring_obs.launch.py -> /home/ojg/ae/install/obs_detect/share/obs_detect/launch
[2.383s] Invoked command in '/home/ojg/ae/build/obs_detect' returned '0': PYTHONPATH=/home/ojg/ae/build/obs_detect/prefix_override:/usr/lib/python3/dist-packages/colcon_core/task/python/colcon_distutils_commands:/home/ojg/ae/install/obs_detect/lib/python3.10/site-packages:${PYTHONPATH} /usr/bin/python3 -W ignore:setup.py install is deprecated -W ignore:easy_install command is deprecated setup.py develop --editable --build-directory /home/ojg/ae/build/obs_detect/build --no-deps symlink_data
