[0.030s] Invoking command in '/home/ojg/ae/build/cimpcc_control': CMAKE_PREFIX_PATH=${CMAKE_PREFIX_PATH}:/home/ojg/ae/install/obs_detect:/home/ojg/ae/install/lane_selector:/home/ojg/ae/install/visualization:/home/ojg/ae/install/map_control:/home/ojg/ae/install/joon_obs:/home/ojg/ae/install/f1tenth_gym_ros:/home/ojg/ae/install/evaluation:/home/ojg/ae/install/collision_avoidance:/opt/ros/humble /usr/bin/cmake /home/ojg/ae/src/cimpcc_control -DCMAKE_BUILD_TYPE=Release -DAMENT_CMAKE_SYMLINK_INSTALL=1 -DCMAKE_INSTALL_PREFIX=/home/ojg/ae/install/cimpcc_control
[1.221s] -- The C compiler identification is GNU 11.4.0
[1.221s] -- The CXX compiler identification is GNU 11.4.0
[1.221s] -- Detecting C compiler ABI info
[1.221s] -- Detecting C compiler ABI info - done
[1.221s] -- Check for working C compiler: /usr/bin/cc - skipped
[1.221s] -- Detecting C compile features
[1.221s] -- Detecting C compile features - done
[1.222s] -- Detecting CXX compiler ABI info
[1.222s] -- Detecting CXX compiler ABI info - done
[1.222s] -- Check for working CXX compiler: /usr/bin/c++ - skipped
[1.222s] -- Detecting CXX compile features
[1.222s] -- Detecting CXX compile features - done
[1.222s] -- Found ament_cmake: 1.3.12 (/opt/ros/humble/share/ament_cmake/cmake)
[1.222s] -- Found Python3: /usr/bin/python3 (found version "3.10.12") found components: Interpreter 
[1.222s] -- Override CMake install command with custom implementation using symlinks instead of copying resources
[1.222s] -- Found rclcpp: 16.0.14 (/opt/ros/humble/share/rclcpp/cmake)
[1.222s] -- Found rosidl_generator_c: 3.1.7 (/opt/ros/humble/share/rosidl_generator_c/cmake)
[1.222s] -- Found rosidl_adapter: 3.1.7 (/opt/ros/humble/share/rosidl_adapter/cmake)
[1.222s] -- Found rosidl_generator_cpp: 3.1.7 (/opt/ros/humble/share/rosidl_generator_cpp/cmake)
[1.222s] -- Using all available rosidl_typesupport_c: rosidl_typesupport_fastrtps_c;rosidl_typesupport_introspection_c
[1.222s] -- Using all available rosidl_typesupport_cpp: rosidl_typesupport_fastrtps_cpp;rosidl_typesupport_introspection_cpp
[1.222s] -- Found rmw_implementation_cmake: 6.1.2 (/opt/ros/humble/share/rmw_implementation_cmake/cmake)
[1.222s] -- Found rmw_fastrtps_cpp: 6.2.8 (/opt/ros/humble/share/rmw_fastrtps_cpp/cmake)
[1.222s] -- Found OpenSSL: /usr/lib/x86_64-linux-gnu/libcrypto.so (found version "3.0.2")  
[1.222s] -- Found FastRTPS: /opt/ros/humble/include  
[1.222s] -- Using RMW implementation 'rmw_fastrtps_cpp' as default
[1.222s] -- Looking for pthread.h
[1.223s] -- Looking for pthread.h - found
[1.223s] -- Performing Test CMAKE_HAVE_LIBC_PTHREAD
[1.223s] -- Performing Test CMAKE_HAVE_LIBC_PTHREAD - Success
[1.223s] -- Found Threads: TRUE  
[1.223s] -- Found rclpy: 3.3.17 (/opt/ros/humble/share/rclpy/cmake)
[1.223s] -- Found geometry_msgs: 4.9.0 (/opt/ros/humble/share/geometry_msgs/cmake)
[1.223s] -- Found nav_msgs: 4.9.0 (/opt/ros/humble/share/nav_msgs/cmake)
[1.223s] -- Found ackermann_msgs: 2.0.2 (/opt/ros/humble/share/ackermann_msgs/cmake)
[1.223s] -- Found visualization_msgs: 4.9.0 (/opt/ros/humble/share/visualization_msgs/cmake)
[1.223s] -- Found ament_lint_auto: 0.12.14 (/opt/ros/humble/share/ament_lint_auto/cmake)
[1.223s] -- Added test 'copyright' to check source files copyright and LICENSE
[1.223s] -- Added test 'flake8' to check Python code syntax and style conventions
[1.223s] -- Added test 'lint_cmake' to check CMake code style
[1.223s] -- Added test 'pep257' to check Python code against some of the docstring style conventions in PEP 257
[1.223s] -- Added test 'xmllint' to check XML markup files
[1.223s] -- Configuring done
[1.223s] -- Generating done
[1.223s] -- Build files have been written to: /home/ojg/ae/build/cimpcc_control
[1.455s] Invoked command in '/home/ojg/ae/build/cimpcc_control' returned '0': CMAKE_PREFIX_PATH=${CMAKE_PREFIX_PATH}:/home/ojg/ae/install/obs_detect:/home/ojg/ae/install/lane_selector:/home/ojg/ae/install/visualization:/home/ojg/ae/install/map_control:/home/ojg/ae/install/joon_obs:/home/ojg/ae/install/f1tenth_gym_ros:/home/ojg/ae/install/evaluation:/home/ojg/ae/install/collision_avoidance:/opt/ros/humble /usr/bin/cmake /home/ojg/ae/src/cimpcc_control -DCMAKE_BUILD_TYPE=Release -DAMENT_CMAKE_SYMLINK_INSTALL=1 -DCMAKE_INSTALL_PREFIX=/home/ojg/ae/install/cimpcc_control
[1.456s] Invoking command in '/home/ojg/ae/build/cimpcc_control': CMAKE_PREFIX_PATH=${CMAKE_PREFIX_PATH}:/home/ojg/ae/install/obs_detect:/home/ojg/ae/install/lane_selector:/home/ojg/ae/install/visualization:/home/ojg/ae/install/map_control:/home/ojg/ae/install/joon_obs:/home/ojg/ae/install/f1tenth_gym_ros:/home/ojg/ae/install/evaluation:/home/ojg/ae/install/collision_avoidance:/opt/ros/humble /usr/bin/cmake --build /home/ojg/ae/build/cimpcc_control -- -j18 -l18
[1.505s] Built target ament_cmake_python_symlink_mpcc
[1.830s] running egg_info
[1.831s] creating mpcc.egg-info
[1.831s] writing mpcc.egg-info/PKG-INFO
[1.832s] writing dependency_links to mpcc.egg-info/dependency_links.txt
[1.832s] writing top-level names to mpcc.egg-info/top_level.txt
[1.832s] writing manifest file 'mpcc.egg-info/SOURCES.txt'
[1.836s] reading manifest file 'mpcc.egg-info/SOURCES.txt'
[1.836s] writing manifest file 'mpcc.egg-info/SOURCES.txt'
[1.896s] Built target ament_cmake_python_build_mpcc_egg
[1.908s] Invoked command in '/home/ojg/ae/build/cimpcc_control' returned '0': CMAKE_PREFIX_PATH=${CMAKE_PREFIX_PATH}:/home/ojg/ae/install/obs_detect:/home/ojg/ae/install/lane_selector:/home/ojg/ae/install/visualization:/home/ojg/ae/install/map_control:/home/ojg/ae/install/joon_obs:/home/ojg/ae/install/f1tenth_gym_ros:/home/ojg/ae/install/evaluation:/home/ojg/ae/install/collision_avoidance:/opt/ros/humble /usr/bin/cmake --build /home/ojg/ae/build/cimpcc_control -- -j18 -l18
[1.922s] Invoking command in '/home/ojg/ae/build/cimpcc_control': CMAKE_PREFIX_PATH=${CMAKE_PREFIX_PATH}:/home/ojg/ae/install/obs_detect:/home/ojg/ae/install/lane_selector:/home/ojg/ae/install/visualization:/home/ojg/ae/install/map_control:/home/ojg/ae/install/joon_obs:/home/ojg/ae/install/f1tenth_gym_ros:/home/ojg/ae/install/evaluation:/home/ojg/ae/install/collision_avoidance:/opt/ros/humble /usr/bin/cmake --install /home/ojg/ae/build/cimpcc_control
[1.934s] -- Install configuration: "Release"
[1.934s] -- Execute custom install script
[1.936s] -- Symlinking: /home/ojg/ae/install/cimpcc_control/share/cimpcc_control/environment/pythonpath.sh
[1.948s] -- Symlinking: /home/ojg/ae/install/cimpcc_control/share/cimpcc_control/environment/pythonpath.dsv
[1.958s] -- Symlinking: /home/ojg/ae/install/cimpcc_control/local/lib/python3.10/dist-packages/mpcc-0.0.0-py3.10.egg-info/PKG-INFO
[1.966s] -- Symlinking: /home/ojg/ae/install/cimpcc_control/local/lib/python3.10/dist-packages/mpcc-0.0.0-py3.10.egg-info/SOURCES.txt
[1.972s] -- Symlinking: /home/ojg/ae/install/cimpcc_control/local/lib/python3.10/dist-packages/mpcc-0.0.0-py3.10.egg-info/dependency_links.txt
[1.984s] -- Symlinking: /home/ojg/ae/install/cimpcc_control/local/lib/python3.10/dist-packages/mpcc-0.0.0-py3.10.egg-info/top_level.txt
[1.998s] -- Symlinking: /home/ojg/ae/install/cimpcc_control/local/lib/python3.10/dist-packages/mpcc/__init__.py
[2.009s] -- Symlinking: /home/ojg/ae/install/cimpcc_control/lib/cimpcc_control/mpcc_node.py
[2.021s] -- Symlinking: /home/ojg/ae/install/cimpcc_control/lib/cimpcc_control/mpcc.py
[2.034s] -- Symlinking: /home/ojg/ae/install/cimpcc_control/share/cimpcc_control//params/mpcc_params.yaml
[2.046s] -- Symlinking: /home/ojg/ae/install/cimpcc_control/share/ament_index/resource_index/package_run_dependencies/cimpcc_control
[2.058s] -- Symlinking: /home/ojg/ae/install/cimpcc_control/share/ament_index/resource_index/parent_prefix_path/cimpcc_control
[2.070s] -- Symlinking: /home/ojg/ae/install/cimpcc_control/share/cimpcc_control/environment/ament_prefix_path.sh
[2.083s] -- Symlinking: /home/ojg/ae/install/cimpcc_control/share/cimpcc_control/environment/ament_prefix_path.dsv
[2.095s] -- Symlinking: /home/ojg/ae/install/cimpcc_control/share/cimpcc_control/environment/path.sh
[2.106s] -- Symlinking: /home/ojg/ae/install/cimpcc_control/share/cimpcc_control/environment/path.dsv
[2.115s] -- Symlinking: /home/ojg/ae/install/cimpcc_control/share/cimpcc_control/local_setup.bash
[2.119s] -- Symlinking: /home/ojg/ae/install/cimpcc_control/share/cimpcc_control/local_setup.sh
[2.126s] -- Symlinking: /home/ojg/ae/install/cimpcc_control/share/cimpcc_control/local_setup.zsh
[2.138s] -- Symlinking: /home/ojg/ae/install/cimpcc_control/share/cimpcc_control/local_setup.dsv
[2.149s] -- Symlinking: /home/ojg/ae/install/cimpcc_control/share/cimpcc_control/package.dsv
[2.159s] -- Symlinking: /home/ojg/ae/install/cimpcc_control/share/ament_index/resource_index/packages/cimpcc_control
[2.171s] -- Symlinking: /home/ojg/ae/install/cimpcc_control/share/cimpcc_control/cmake/cimpcc_controlConfig.cmake
[2.181s] -- Symlinking: /home/ojg/ae/install/cimpcc_control/share/cimpcc_control/cmake/cimpcc_controlConfig-version.cmake
[2.188s] -- Symlinking: /home/ojg/ae/install/cimpcc_control/share/cimpcc_control/package.xml
[2.233s] Listing '/home/ojg/ae/install/cimpcc_control/local/lib/python3.10/dist-packages/mpcc'...
[2.234s] Compiling '/home/ojg/ae/install/cimpcc_control/local/lib/python3.10/dist-packages/mpcc/__init__.py'...
[2.241s] Invoked command in '/home/ojg/ae/build/cimpcc_control' returned '0': CMAKE_PREFIX_PATH=${CMAKE_PREFIX_PATH}:/home/ojg/ae/install/obs_detect:/home/ojg/ae/install/lane_selector:/home/ojg/ae/install/visualization:/home/ojg/ae/install/map_control:/home/ojg/ae/install/joon_obs:/home/ojg/ae/install/f1tenth_gym_ros:/home/ojg/ae/install/evaluation:/home/ojg/ae/install/collision_avoidance:/opt/ros/humble /usr/bin/cmake --install /home/ojg/ae/build/cimpcc_control
