[0.777s] Invoking command in '/home/ojg/ae/build/mpcc_control': CMAKE_PREFIX_PATH=${CMAKE_PREFIX_PATH}:/home/ojg/ae/install/visualization:/home/ojg/ae/install/obs_detect:/home/ojg/ae/install/map_control:/home/ojg/ae/install/lane_selector:/home/ojg/ae/install/f1tenth_gym_ros:/home/ojg/ae/install/evaluation:/opt/ros/humble /usr/bin/cmake --build /home/ojg/ae/build/mpcc_control -- -j18 -l18
[0.972s] Built target ament_cmake_python_symlink_mpcc
[1.007s] running egg_info
[1.008s] writing mpcc.egg-info/PKG-INFO
[1.008s] writing dependency_links to mpcc.egg-info/dependency_links.txt
[1.008s] writing top-level names to mpcc.egg-info/top_level.txt
[1.009s] reading manifest file 'mpcc.egg-info/SOURCES.txt'
[1.010s] writing manifest file 'mpcc.egg-info/SOURCES.txt'
[1.034s] Built target ament_cmake_python_build_mpcc_egg
[1.193s] Invoked command in '/home/ojg/ae/build/mpcc_control' returned '0': CMAKE_PREFIX_PATH=${CMAKE_PREFIX_PATH}:/home/ojg/ae/install/visualization:/home/ojg/ae/install/obs_detect:/home/ojg/ae/install/map_control:/home/ojg/ae/install/lane_selector:/home/ojg/ae/install/f1tenth_gym_ros:/home/ojg/ae/install/evaluation:/opt/ros/humble /usr/bin/cmake --build /home/ojg/ae/build/mpcc_control -- -j18 -l18
[1.195s] Invoking command in '/home/ojg/ae/build/mpcc_control': CMAKE_PREFIX_PATH=${CMAKE_PREFIX_PATH}:/home/ojg/ae/install/visualization:/home/ojg/ae/install/obs_detect:/home/ojg/ae/install/map_control:/home/ojg/ae/install/lane_selector:/home/ojg/ae/install/f1tenth_gym_ros:/home/ojg/ae/install/evaluation:/opt/ros/humble /usr/bin/cmake --install /home/ojg/ae/build/mpcc_control
[1.203s] -- Install configuration: "Release"
[1.204s] -- Execute custom install script
[1.204s] -- Up-to-date symlink: /home/ojg/ae/install/mpcc_control/share/mpcc_control/environment/pythonpath.sh
[1.204s] -- Up-to-date symlink: /home/ojg/ae/install/mpcc_control/share/mpcc_control/environment/pythonpath.dsv
[1.204s] -- Up-to-date symlink: /home/ojg/ae/install/mpcc_control/local/lib/python3.10/dist-packages/mpcc-0.0.0-py3.10.egg-info/PKG-INFO
[1.205s] -- Up-to-date symlink: /home/ojg/ae/install/mpcc_control/local/lib/python3.10/dist-packages/mpcc-0.0.0-py3.10.egg-info/SOURCES.txt
[1.205s] -- Up-to-date symlink: /home/ojg/ae/install/mpcc_control/local/lib/python3.10/dist-packages/mpcc-0.0.0-py3.10.egg-info/dependency_links.txt
[1.205s] -- Up-to-date symlink: /home/ojg/ae/install/mpcc_control/local/lib/python3.10/dist-packages/mpcc-0.0.0-py3.10.egg-info/top_level.txt
[1.206s] -- Up-to-date symlink: /home/ojg/ae/install/mpcc_control/local/lib/python3.10/dist-packages/mpcc/__init__.py
[1.206s] -- Up-to-date symlink: /home/ojg/ae/install/mpcc_control/lib/mpcc_control/mpcc_node.py
[1.206s] -- Up-to-date symlink: /home/ojg/ae/install/mpcc_control/lib/mpcc_control/mpcc.py
[1.207s] -- Up-to-date symlink: /home/ojg/ae/install/mpcc_control/share/mpcc_control//params/mpcc_params.yaml
[1.207s] -- Up-to-date symlink: /home/ojg/ae/install/mpcc_control/share/ament_index/resource_index/package_run_dependencies/mpcc_control
[1.208s] -- Up-to-date symlink: /home/ojg/ae/install/mpcc_control/share/ament_index/resource_index/parent_prefix_path/mpcc_control
[1.208s] -- Up-to-date symlink: /home/ojg/ae/install/mpcc_control/share/mpcc_control/environment/ament_prefix_path.sh
[1.208s] -- Up-to-date symlink: /home/ojg/ae/install/mpcc_control/share/mpcc_control/environment/ament_prefix_path.dsv
[1.208s] -- Up-to-date symlink: /home/ojg/ae/install/mpcc_control/share/mpcc_control/environment/path.sh
[1.208s] -- Up-to-date symlink: /home/ojg/ae/install/mpcc_control/share/mpcc_control/environment/path.dsv
[1.208s] -- Up-to-date symlink: /home/ojg/ae/install/mpcc_control/share/mpcc_control/local_setup.bash
[1.208s] -- Up-to-date symlink: /home/ojg/ae/install/mpcc_control/share/mpcc_control/local_setup.sh
[1.209s] -- Up-to-date symlink: /home/ojg/ae/install/mpcc_control/share/mpcc_control/local_setup.zsh
[1.209s] -- Up-to-date symlink: /home/ojg/ae/install/mpcc_control/share/mpcc_control/local_setup.dsv
[1.209s] -- Symlinking: /home/ojg/ae/install/mpcc_control/share/mpcc_control/package.dsv
[1.216s] -- Up-to-date symlink: /home/ojg/ae/install/mpcc_control/share/ament_index/resource_index/packages/mpcc_control
[1.217s] -- Up-to-date symlink: /home/ojg/ae/install/mpcc_control/share/mpcc_control/cmake/mpcc_controlConfig.cmake
[1.217s] -- Up-to-date symlink: /home/ojg/ae/install/mpcc_control/share/mpcc_control/cmake/mpcc_controlConfig-version.cmake
[1.217s] -- Up-to-date symlink: /home/ojg/ae/install/mpcc_control/share/mpcc_control/package.xml
[1.249s] Listing '/home/ojg/ae/install/mpcc_control/local/lib/python3.10/dist-packages/mpcc'...
[1.264s] Invoked command in '/home/ojg/ae/build/mpcc_control' returned '0': CMAKE_PREFIX_PATH=${CMAKE_PREFIX_PATH}:/home/ojg/ae/install/visualization:/home/ojg/ae/install/obs_detect:/home/ojg/ae/install/map_control:/home/ojg/ae/install/lane_selector:/home/ojg/ae/install/f1tenth_gym_ros:/home/ojg/ae/install/evaluation:/opt/ros/humble /usr/bin/cmake --install /home/ojg/ae/build/mpcc_control
