[0.039s] Invoking command in '/home/ojg/ae/build/app_control': CMAKE_PREFIX_PATH=${CMAKE_PREFIX_PATH}:/home/ojg/ae/install/visualization:/home/ojg/ae/install/obs_detect:/home/ojg/ae/install/map_control:/home/ojg/ae/install/lane_selector:/home/ojg/ae/install/f1tenth_gym_ros:/home/ojg/ae/install/evaluation:/opt/ros/humble /usr/bin/cmake --build /home/ojg/ae/build/app_control -- -j18 -l18
[1.145s] [35m[1mConsolidate compiler generated dependencies of target pure_pursuit_sim_node[0m
[1.145s] [ 50%] Built target stanley_node
[1.145s] [ 75%] [32mBuilding CXX object CMakeFiles/pure_pursuit_sim_node.dir/src/pure_pursuit_sim_node.cpp.o[0m
[13.469s] [100%] [32m[1mLinking CXX executable pure_pursuit_sim_node[0m
[13.628s] [100%] Built target pure_pursuit_sim_node
[13.639s] Invoked command in '/home/ojg/ae/build/app_control' returned '0': CMAKE_PREFIX_PATH=${CMAKE_PREFIX_PATH}:/home/ojg/ae/install/visualization:/home/ojg/ae/install/obs_detect:/home/ojg/ae/install/map_control:/home/ojg/ae/install/lane_selector:/home/ojg/ae/install/f1tenth_gym_ros:/home/ojg/ae/install/evaluation:/opt/ros/humble /usr/bin/cmake --build /home/ojg/ae/build/app_control -- -j18 -l18
[13.641s] Invoking command in '/home/ojg/ae/build/app_control': CMAKE_PREFIX_PATH=${CMAKE_PREFIX_PATH}:/home/ojg/ae/install/visualization:/home/ojg/ae/install/obs_detect:/home/ojg/ae/install/map_control:/home/ojg/ae/install/lane_selector:/home/ojg/ae/install/f1tenth_gym_ros:/home/ojg/ae/install/evaluation:/opt/ros/humble /usr/bin/cmake --install /home/ojg/ae/build/app_control
[13.646s] -- Install configuration: "Release"
[13.646s] -- Execute custom install script
[13.647s] -- Up-to-date symlink: /home/ojg/ae/install/app_control/lib/app_control/pure_pursuit_sim_node
[13.647s] -- Up-to-date symlink: /home/ojg/ae/install/app_control/lib/app_control/stanley_node
[13.647s] -- Up-to-date symlink: /home/ojg/ae/install/app_control/share/app_control//launch/pure_pursuit_launch.py
[13.647s] -- Up-to-date symlink: /home/ojg/ae/install/app_control/share/app_control//launch/stanley_launch.py
[13.647s] -- Up-to-date symlink: /home/ojg/ae/install/app_control/share/app_control//config/pure_pursuit_params.yaml
[13.647s] -- Up-to-date symlink: /home/ojg/ae/install/app_control/share/app_control//config/stanley_params.yaml
[13.647s] -- Up-to-date symlink: /home/ojg/ae/install/app_control/share/app_control//rviz/autonomous_driving.rviz
[13.648s] -- Up-to-date symlink: /home/ojg/ae/install/app_control/share/app_control//rviz/pure_pursuit.rviz
[13.648s] -- Up-to-date symlink: /home/ojg/ae/install/app_control/share/ament_index/resource_index/package_run_dependencies/app_control
[13.648s] -- Up-to-date symlink: /home/ojg/ae/install/app_control/share/ament_index/resource_index/parent_prefix_path/app_control
[13.648s] -- Up-to-date symlink: /home/ojg/ae/install/app_control/share/app_control/environment/ament_prefix_path.sh
[13.648s] -- Up-to-date symlink: /home/ojg/ae/install/app_control/share/app_control/environment/ament_prefix_path.dsv
[13.648s] -- Up-to-date symlink: /home/ojg/ae/install/app_control/share/app_control/environment/path.sh
[13.648s] -- Up-to-date symlink: /home/ojg/ae/install/app_control/share/app_control/environment/path.dsv
[13.648s] -- Up-to-date symlink: /home/ojg/ae/install/app_control/share/app_control/local_setup.bash
[13.648s] -- Up-to-date symlink: /home/ojg/ae/install/app_control/share/app_control/local_setup.sh
[13.648s] -- Up-to-date symlink: /home/ojg/ae/install/app_control/share/app_control/local_setup.zsh
[13.648s] -- Up-to-date symlink: /home/ojg/ae/install/app_control/share/app_control/local_setup.dsv
[13.648s] -- Symlinking: /home/ojg/ae/install/app_control/share/app_control/package.dsv
[13.655s] -- Up-to-date symlink: /home/ojg/ae/install/app_control/share/ament_index/resource_index/packages/app_control
[13.655s] -- Up-to-date symlink: /home/ojg/ae/install/app_control/share/app_control/cmake/app_controlConfig.cmake
[13.655s] -- Up-to-date symlink: /home/ojg/ae/install/app_control/share/app_control/cmake/app_controlConfig-version.cmake
[13.655s] -- Up-to-date symlink: /home/ojg/ae/install/app_control/share/app_control/package.xml
[13.657s] Invoked command in '/home/ojg/ae/build/app_control' returned '0': CMAKE_PREFIX_PATH=${CMAKE_PREFIX_PATH}:/home/ojg/ae/install/visualization:/home/ojg/ae/install/obs_detect:/home/ojg/ae/install/map_control:/home/ojg/ae/install/lane_selector:/home/ojg/ae/install/f1tenth_gym_ros:/home/ojg/ae/install/evaluation:/opt/ros/humble /usr/bin/cmake --install /home/ojg/ae/build/app_control
