[1.922s] Invoking command in '/home/ojg/ae/build/lane_selector': PYTHONPATH=/home/ojg/ae/build/lane_selector/prefix_override:/usr/lib/python3/dist-packages/colcon_core/task/python/colcon_distutils_commands:/home/ojg/ae/install/lane_selector/lib/python3.10/site-packages:${PYTHONPATH} /usr/bin/python3 -W ignore:setup.py install is deprecated -W ignore:easy_install command is deprecated setup.py develop --editable --build-directory /home/ojg/ae/build/lane_selector/build --no-deps symlink_data
[2.293s] running develop
[2.548s] running egg_info
[2.548s] creating lane_selector.egg-info
[2.548s] writing lane_selector.egg-info/PKG-INFO
[2.548s] writing dependency_links to lane_selector.egg-info/dependency_links.txt
[2.548s] writing entry points to lane_selector.egg-info/entry_points.txt
[2.549s] writing requirements to lane_selector.egg-info/requires.txt
[2.549s] writing top-level names to lane_selector.egg-info/top_level.txt
[2.549s] writing manifest file 'lane_selector.egg-info/SOURCES.txt'
[2.552s] reading manifest file 'lane_selector.egg-info/SOURCES.txt'
[2.552s] writing manifest file 'lane_selector.egg-info/SOURCES.txt'
[2.555s] running build_ext
[2.555s] Creating /home/ojg/ae/install/lane_selector/lib/python3.10/site-packages/lane-selector.egg-link (link to .)
[2.557s] Installing lane_selector_node script to /home/ojg/ae/install/lane_selector/lib/lane_selector
[2.557s] 
[2.557s] Installed /home/ojg/ae/build/lane_selector
[2.558s] running symlink_data
[2.558s] creating /home/ojg/ae/install/lane_selector/share/ament_index
[2.558s] creating /home/ojg/ae/install/lane_selector/share/ament_index/resource_index
[2.558s] creating /home/ojg/ae/install/lane_selector/share/ament_index/resource_index/packages
[2.558s] symbolically linking /home/ojg/ae/build/lane_selector/resource/lane_selector -> /home/ojg/ae/install/lane_selector/share/ament_index/resource_index/packages
[2.558s] symbolically linking /home/ojg/ae/build/lane_selector/package.xml -> /home/ojg/ae/install/lane_selector/share/lane_selector
[2.558s] creating /home/ojg/ae/install/lane_selector/share/lane_selector/config
[2.558s] symbolically linking /home/ojg/ae/build/lane_selector/config/lane_selector.yaml -> /home/ojg/ae/install/lane_selector/share/lane_selector/config
[2.558s] creating /home/ojg/ae/install/lane_selector/share/lane_selector/launch
[2.558s] symbolically linking /home/ojg/ae/build/lane_selector/launch/lane_selector_launch.py -> /home/ojg/ae/install/lane_selector/share/lane_selector/launch
[2.607s] Invoked command in '/home/ojg/ae/build/lane_selector' returned '0': PYTHONPATH=/home/ojg/ae/build/lane_selector/prefix_override:/usr/lib/python3/dist-packages/colcon_core/task/python/colcon_distutils_commands:/home/ojg/ae/install/lane_selector/lib/python3.10/site-packages:${PYTHONPATH} /usr/bin/python3 -W ignore:setup.py install is deprecated -W ignore:easy_install command is deprecated setup.py develop --editable --build-directory /home/ojg/ae/build/lane_selector/build --no-deps symlink_data
