[0.030s] Invoking command in '/home/ojg/ae/build/cimpcc_control': CMAKE_PREFIX_PATH=${CMAKE_PREFIX_PATH}:/home/ojg/ae/install/visualization:/home/ojg/ae/install/obs_detect:/home/ojg/ae/install/map_control:/home/ojg/ae/install/lane_selector:/home/ojg/ae/install/f1tenth_gym_ros:/home/ojg/ae/install/evaluation:/opt/ros/humble /usr/bin/cmake --build /home/ojg/ae/build/cimpcc_control -- -j18 -l18
[0.964s] Built target ament_cmake_python_symlink_mpcc
[0.964s] running egg_info
[0.964s] writing mpcc.egg-info/PKG-INFO
[0.964s] writing dependency_links to mpcc.egg-info/dependency_links.txt
[0.964s] writing top-level names to mpcc.egg-info/top_level.txt
[0.964s] reading manifest file 'mpcc.egg-info/SOURCES.txt'
[0.964s] writing manifest file 'mpcc.egg-info/SOURCES.txt'
[0.964s] Built target ament_cmake_python_build_mpcc_egg
[1.145s] Invoked command in '/home/ojg/ae/build/cimpcc_control' returned '0': CMAKE_PREFIX_PATH=${CMAKE_PREFIX_PATH}:/home/ojg/ae/install/visualization:/home/ojg/ae/install/obs_detect:/home/ojg/ae/install/map_control:/home/ojg/ae/install/lane_selector:/home/ojg/ae/install/f1tenth_gym_ros:/home/ojg/ae/install/evaluation:/opt/ros/humble /usr/bin/cmake --build /home/ojg/ae/build/cimpcc_control -- -j18 -l18
[1.155s] Invoking command in '/home/ojg/ae/build/cimpcc_control': CMAKE_PREFIX_PATH=${CMAKE_PREFIX_PATH}:/home/ojg/ae/install/visualization:/home/ojg/ae/install/obs_detect:/home/ojg/ae/install/map_control:/home/ojg/ae/install/lane_selector:/home/ojg/ae/install/f1tenth_gym_ros:/home/ojg/ae/install/evaluation:/opt/ros/humble /usr/bin/cmake --install /home/ojg/ae/build/cimpcc_control
[1.160s] -- Install configuration: "Release"
[1.160s] -- Execute custom install script
[1.160s] -- Up-to-date symlink: /home/ojg/ae/install/cimpcc_control/share/cimpcc_control/environment/pythonpath.sh
[1.161s] -- Up-to-date symlink: /home/ojg/ae/install/cimpcc_control/share/cimpcc_control/environment/pythonpath.dsv
[1.161s] -- Up-to-date symlink: /home/ojg/ae/install/cimpcc_control/local/lib/python3.10/dist-packages/mpcc-0.0.0-py3.10.egg-info/PKG-INFO
[1.161s] -- Up-to-date symlink: /home/ojg/ae/install/cimpcc_control/local/lib/python3.10/dist-packages/mpcc-0.0.0-py3.10.egg-info/SOURCES.txt
[1.161s] -- Up-to-date symlink: /home/ojg/ae/install/cimpcc_control/local/lib/python3.10/dist-packages/mpcc-0.0.0-py3.10.egg-info/dependency_links.txt
[1.161s] -- Up-to-date symlink: /home/ojg/ae/install/cimpcc_control/local/lib/python3.10/dist-packages/mpcc-0.0.0-py3.10.egg-info/top_level.txt
[1.161s] -- Up-to-date symlink: /home/ojg/ae/install/cimpcc_control/local/lib/python3.10/dist-packages/mpcc/__init__.py
[1.161s] -- Up-to-date symlink: /home/ojg/ae/install/cimpcc_control/lib/cimpcc_control/mpcc_node.py
[1.161s] -- Up-to-date symlink: /home/ojg/ae/install/cimpcc_control/lib/cimpcc_control/mpcc.py
[1.161s] -- Up-to-date symlink: /home/ojg/ae/install/cimpcc_control/share/cimpcc_control//params/mpcc_params.yaml
[1.161s] -- Up-to-date symlink: /home/ojg/ae/install/cimpcc_control/share/ament_index/resource_index/package_run_dependencies/cimpcc_control
[1.161s] -- Up-to-date symlink: /home/ojg/ae/install/cimpcc_control/share/ament_index/resource_index/parent_prefix_path/cimpcc_control
[1.161s] -- Up-to-date symlink: /home/ojg/ae/install/cimpcc_control/share/cimpcc_control/environment/ament_prefix_path.sh
[1.161s] -- Up-to-date symlink: /home/ojg/ae/install/cimpcc_control/share/cimpcc_control/environment/ament_prefix_path.dsv
[1.162s] -- Up-to-date symlink: /home/ojg/ae/install/cimpcc_control/share/cimpcc_control/environment/path.sh
[1.162s] -- Up-to-date symlink: /home/ojg/ae/install/cimpcc_control/share/cimpcc_control/environment/path.dsv
[1.162s] -- Up-to-date symlink: /home/ojg/ae/install/cimpcc_control/share/cimpcc_control/local_setup.bash
[1.162s] -- Up-to-date symlink: /home/ojg/ae/install/cimpcc_control/share/cimpcc_control/local_setup.sh
[1.162s] -- Up-to-date symlink: /home/ojg/ae/install/cimpcc_control/share/cimpcc_control/local_setup.zsh
[1.162s] -- Up-to-date symlink: /home/ojg/ae/install/cimpcc_control/share/cimpcc_control/local_setup.dsv
[1.162s] -- Symlinking: /home/ojg/ae/install/cimpcc_control/share/cimpcc_control/package.dsv
[1.172s] -- Up-to-date symlink: /home/ojg/ae/install/cimpcc_control/share/ament_index/resource_index/packages/cimpcc_control
[1.172s] -- Up-to-date symlink: /home/ojg/ae/install/cimpcc_control/share/cimpcc_control/cmake/cimpcc_controlConfig.cmake
[1.172s] -- Up-to-date symlink: /home/ojg/ae/install/cimpcc_control/share/cimpcc_control/cmake/cimpcc_controlConfig-version.cmake
[1.172s] -- Up-to-date symlink: /home/ojg/ae/install/cimpcc_control/share/cimpcc_control/package.xml
[1.199s] Listing '/home/ojg/ae/install/cimpcc_control/local/lib/python3.10/dist-packages/mpcc'...
[1.204s] Invoked command in '/home/ojg/ae/build/cimpcc_control' returned '0': CMAKE_PREFIX_PATH=${CMAKE_PREFIX_PATH}:/home/ojg/ae/install/visualization:/home/ojg/ae/install/obs_detect:/home/ojg/ae/install/map_control:/home/ojg/ae/install/lane_selector:/home/ojg/ae/install/f1tenth_gym_ros:/home/ojg/ae/install/evaluation:/opt/ros/humble /usr/bin/cmake --install /home/ojg/ae/build/cimpcc_control
