Built target ament_cmake_python_symlink_mpcc
running egg_info
writing mpcc.egg-info/PKG-INFO
writing dependency_links to mpcc.egg-info/dependency_links.txt
writing top-level names to mpcc.egg-info/top_level.txt
reading manifest file 'mpcc.egg-info/SOURCES.txt'
writing manifest file 'mpcc.egg-info/SOURCES.txt'
Built target ament_cmake_python_build_mpcc_egg
-- Install configuration: "Release"
-- Execute custom install script
-- Up-to-date symlink: /home/ojg/ae/install/mpcc_control/share/mpcc_control/environment/pythonpath.sh
-- Up-to-date symlink: /home/ojg/ae/install/mpcc_control/share/mpcc_control/environment/pythonpath.dsv
-- Up-to-date symlink: /home/ojg/ae/install/mpcc_control/local/lib/python3.10/dist-packages/mpcc-0.0.0-py3.10.egg-info/PKG-INFO
-- Up-to-date symlink: /home/ojg/ae/install/mpcc_control/local/lib/python3.10/dist-packages/mpcc-0.0.0-py3.10.egg-info/SOURCES.txt
-- Up-to-date symlink: /home/ojg/ae/install/mpcc_control/local/lib/python3.10/dist-packages/mpcc-0.0.0-py3.10.egg-info/dependency_links.txt
-- Up-to-date symlink: /home/ojg/ae/install/mpcc_control/local/lib/python3.10/dist-packages/mpcc-0.0.0-py3.10.egg-info/top_level.txt
-- Up-to-date symlink: /home/ojg/ae/install/mpcc_control/local/lib/python3.10/dist-packages/mpcc/__init__.py
-- Up-to-date symlink: /home/ojg/ae/install/mpcc_control/lib/mpcc_control/mpcc_node.py
-- Up-to-date symlink: /home/ojg/ae/install/mpcc_control/lib/mpcc_control/mpcc.py
-- Up-to-date symlink: /home/ojg/ae/install/mpcc_control/share/mpcc_control//params/mpcc_params.yaml
-- Up-to-date symlink: /home/ojg/ae/install/mpcc_control/share/ament_index/resource_index/package_run_dependencies/mpcc_control
-- Up-to-date symlink: /home/ojg/ae/install/mpcc_control/share/ament_index/resource_index/parent_prefix_path/mpcc_control
-- Up-to-date symlink: /home/ojg/ae/install/mpcc_control/share/mpcc_control/environment/ament_prefix_path.sh
-- Up-to-date symlink: /home/ojg/ae/install/mpcc_control/share/mpcc_control/environment/ament_prefix_path.dsv
-- Up-to-date symlink: /home/ojg/ae/install/mpcc_control/share/mpcc_control/environment/path.sh
-- Up-to-date symlink: /home/ojg/ae/install/mpcc_control/share/mpcc_control/environment/path.dsv
-- Up-to-date symlink: /home/ojg/ae/install/mpcc_control/share/mpcc_control/local_setup.bash
-- Up-to-date symlink: /home/ojg/ae/install/mpcc_control/share/mpcc_control/local_setup.sh
-- Up-to-date symlink: /home/ojg/ae/install/mpcc_control/share/mpcc_control/local_setup.zsh
-- Up-to-date symlink: /home/ojg/ae/install/mpcc_control/share/mpcc_control/local_setup.dsv
-- Symlinking: /home/ojg/ae/install/mpcc_control/share/mpcc_control/package.dsv
-- Up-to-date symlink: /home/ojg/ae/install/mpcc_control/share/ament_index/resource_index/packages/mpcc_control
-- Up-to-date symlink: /home/ojg/ae/install/mpcc_control/share/mpcc_control/cmake/mpcc_controlConfig.cmake
-- Up-to-date symlink: /home/ojg/ae/install/mpcc_control/share/mpcc_control/cmake/mpcc_controlConfig-version.cmake
-- Up-to-date symlink: /home/ojg/ae/install/mpcc_control/share/mpcc_control/package.xml
Listing '/home/ojg/ae/install/mpcc_control/local/lib/python3.10/dist-packages/mpcc'...
