[0.940s] Invoking command in '/home/ojg/ae/build/mpcc_control': CMAKE_PREFIX_PATH=${CMAKE_PREFIX_PATH}:/home/ojg/ae/install/obs_detect:/home/ojg/ae/install/lane_selector:/home/ojg/ae/install/visualization:/home/ojg/ae/install/map_control:/home/ojg/ae/install/joon_obs:/home/ojg/ae/install/f1tenth_gym_ros:/home/ojg/ae/install/evaluation:/home/ojg/ae/install/collision_avoidance:/opt/ros/humble /usr/bin/cmake /home/ojg/ae/src/mpcc_control -DCMAKE_BUILD_TYPE=Release -DAMENT_CMAKE_SYMLINK_INSTALL=1 -DCMAKE_INSTALL_PREFIX=/home/ojg/ae/install/mpcc_control
[1.210s] -- The C compiler identification is GNU 11.4.0
[1.210s] -- The CXX compiler identification is GNU 11.4.0
[1.210s] -- Detecting C compiler ABI info
[1.210s] -- Detecting C compiler ABI info - done
[1.210s] -- Check for working C compiler: /usr/bin/cc - skipped
[1.210s] -- Detecting C compile features
[1.210s] -- Detecting C compile features - done
[1.210s] -- Detecting CXX compiler ABI info
[1.210s] -- Detecting CXX compiler ABI info - done
[1.210s] -- Check for working CXX compiler: /usr/bin/c++ - skipped
[1.210s] -- Detecting CXX compile features
[1.210s] -- Detecting CXX compile features - done
[1.210s] -- Found ament_cmake: 1.3.12 (/opt/ros/humble/share/ament_cmake/cmake)
[1.307s] -- Found Python3: /usr/bin/python3 (found version "3.10.12") found components: Interpreter 
[1.354s] -- Override CMake install command with custom implementation using symlinks instead of copying resources
[1.371s] -- Found rclcpp: 16.0.14 (/opt/ros/humble/share/rclcpp/cmake)
[1.397s] -- Found rosidl_generator_c: 3.1.7 (/opt/ros/humble/share/rosidl_generator_c/cmake)
[1.399s] -- Found rosidl_adapter: 3.1.7 (/opt/ros/humble/share/rosidl_adapter/cmake)
[1.404s] -- Found rosidl_generator_cpp: 3.1.7 (/opt/ros/humble/share/rosidl_generator_cpp/cmake)
[1.412s] -- Using all available rosidl_typesupport_c: rosidl_typesupport_fastrtps_c;rosidl_typesupport_introspection_c
[1.422s] -- Using all available rosidl_typesupport_cpp: rosidl_typesupport_fastrtps_cpp;rosidl_typesupport_introspection_cpp
[1.463s] -- Found rmw_implementation_cmake: 6.1.2 (/opt/ros/humble/share/rmw_implementation_cmake/cmake)
[1.466s] -- Found rmw_fastrtps_cpp: 6.2.8 (/opt/ros/humble/share/rmw_fastrtps_cpp/cmake)
[1.563s] -- Found OpenSSL: /usr/lib/x86_64-linux-gnu/libcrypto.so (found version "3.0.2")  
[1.607s] -- Found FastRTPS: /opt/ros/humble/include  
[1.660s] -- Using RMW implementation 'rmw_fastrtps_cpp' as default
[1.670s] -- Looking for pthread.h
[1.778s] -- Looking for pthread.h - found
[1.778s] -- Performing Test CMAKE_HAVE_LIBC_PTHREAD
[1.814s] -- Performing Test CMAKE_HAVE_LIBC_PTHREAD - Success
[1.816s] -- Found Threads: TRUE  
[1.861s] -- Found rclpy: 3.3.17 (/opt/ros/humble/share/rclpy/cmake)
[1.862s] -- Found geometry_msgs: 4.9.0 (/opt/ros/humble/share/geometry_msgs/cmake)
[1.872s] -- Found nav_msgs: 4.9.0 (/opt/ros/humble/share/nav_msgs/cmake)
[1.885s] -- Found ackermann_msgs: 2.0.2 (/opt/ros/humble/share/ackermann_msgs/cmake)
[1.895s] -- Found visualization_msgs: 4.9.0 (/opt/ros/humble/share/visualization_msgs/cmake)
[2.012s] -- Found ament_lint_auto: 0.12.14 (/opt/ros/humble/share/ament_lint_auto/cmake)
[2.081s] -- Added test 'copyright' to check source files copyright and LICENSE
[2.082s] -- Added test 'flake8' to check Python code syntax and style conventions
[2.083s] -- Added test 'lint_cmake' to check CMake code style
[2.084s] -- Added test 'pep257' to check Python code against some of the docstring style conventions in PEP 257
[2.085s] -- Added test 'xmllint' to check XML markup files
[2.087s] -- Configuring done
[2.093s] -- Generating done
[2.096s] -- Build files have been written to: /home/ojg/ae/build/mpcc_control
[2.116s] Invoked command in '/home/ojg/ae/build/mpcc_control' returned '0': CMAKE_PREFIX_PATH=${CMAKE_PREFIX_PATH}:/home/ojg/ae/install/obs_detect:/home/ojg/ae/install/lane_selector:/home/ojg/ae/install/visualization:/home/ojg/ae/install/map_control:/home/ojg/ae/install/joon_obs:/home/ojg/ae/install/f1tenth_gym_ros:/home/ojg/ae/install/evaluation:/home/ojg/ae/install/collision_avoidance:/opt/ros/humble /usr/bin/cmake /home/ojg/ae/src/mpcc_control -DCMAKE_BUILD_TYPE=Release -DAMENT_CMAKE_SYMLINK_INSTALL=1 -DCMAKE_INSTALL_PREFIX=/home/ojg/ae/install/mpcc_control
[2.118s] Invoking command in '/home/ojg/ae/build/mpcc_control': CMAKE_PREFIX_PATH=${CMAKE_PREFIX_PATH}:/home/ojg/ae/install/obs_detect:/home/ojg/ae/install/lane_selector:/home/ojg/ae/install/visualization:/home/ojg/ae/install/map_control:/home/ojg/ae/install/joon_obs:/home/ojg/ae/install/f1tenth_gym_ros:/home/ojg/ae/install/evaluation:/home/ojg/ae/install/collision_avoidance:/opt/ros/humble /usr/bin/cmake --build /home/ojg/ae/build/mpcc_control -- -j18 -l18
[2.162s] Built target ament_cmake_python_symlink_mpcc
[2.356s] running egg_info
[2.356s] creating mpcc.egg-info
[2.357s] writing mpcc.egg-info/PKG-INFO
[2.357s] writing dependency_links to mpcc.egg-info/dependency_links.txt
[2.357s] writing top-level names to mpcc.egg-info/top_level.txt
[2.357s] writing manifest file 'mpcc.egg-info/SOURCES.txt'
[2.358s] reading manifest file 'mpcc.egg-info/SOURCES.txt'
[2.358s] writing manifest file 'mpcc.egg-info/SOURCES.txt'
[2.382s] Built target ament_cmake_python_build_mpcc_egg
[2.392s] Invoked command in '/home/ojg/ae/build/mpcc_control' returned '0': CMAKE_PREFIX_PATH=${CMAKE_PREFIX_PATH}:/home/ojg/ae/install/obs_detect:/home/ojg/ae/install/lane_selector:/home/ojg/ae/install/visualization:/home/ojg/ae/install/map_control:/home/ojg/ae/install/joon_obs:/home/ojg/ae/install/f1tenth_gym_ros:/home/ojg/ae/install/evaluation:/home/ojg/ae/install/collision_avoidance:/opt/ros/humble /usr/bin/cmake --build /home/ojg/ae/build/mpcc_control -- -j18 -l18
[2.394s] Invoking command in '/home/ojg/ae/build/mpcc_control': CMAKE_PREFIX_PATH=${CMAKE_PREFIX_PATH}:/home/ojg/ae/install/obs_detect:/home/ojg/ae/install/lane_selector:/home/ojg/ae/install/visualization:/home/ojg/ae/install/map_control:/home/ojg/ae/install/joon_obs:/home/ojg/ae/install/f1tenth_gym_ros:/home/ojg/ae/install/evaluation:/home/ojg/ae/install/collision_avoidance:/opt/ros/humble /usr/bin/cmake --install /home/ojg/ae/build/mpcc_control
[2.401s] -- Install configuration: "Release"
[2.401s] -- Execute custom install script
[2.401s] -- Symlinking: /home/ojg/ae/install/mpcc_control/share/mpcc_control/environment/pythonpath.sh
[2.414s] -- Symlinking: /home/ojg/ae/install/mpcc_control/share/mpcc_control/environment/pythonpath.dsv
[2.423s] -- Symlinking: /home/ojg/ae/install/mpcc_control/local/lib/python3.10/dist-packages/mpcc-0.0.0-py3.10.egg-info/PKG-INFO
[2.430s] -- Symlinking: /home/ojg/ae/install/mpcc_control/local/lib/python3.10/dist-packages/mpcc-0.0.0-py3.10.egg-info/SOURCES.txt
[2.442s] -- Symlinking: /home/ojg/ae/install/mpcc_control/local/lib/python3.10/dist-packages/mpcc-0.0.0-py3.10.egg-info/dependency_links.txt
[2.449s] -- Symlinking: /home/ojg/ae/install/mpcc_control/local/lib/python3.10/dist-packages/mpcc-0.0.0-py3.10.egg-info/top_level.txt
[2.456s] -- Symlinking: /home/ojg/ae/install/mpcc_control/local/lib/python3.10/dist-packages/mpcc/__init__.py
[2.463s] -- Symlinking: /home/ojg/ae/install/mpcc_control/lib/mpcc_control/mpcc_node.py
[2.473s] -- Symlinking: /home/ojg/ae/install/mpcc_control/lib/mpcc_control/mpcc.py
[2.483s] -- Symlinking: /home/ojg/ae/install/mpcc_control/share/mpcc_control//params/mpcc_params.yaml
[2.496s] -- Symlinking: /home/ojg/ae/install/mpcc_control/share/ament_index/resource_index/package_run_dependencies/mpcc_control
[2.504s] -- Symlinking: /home/ojg/ae/install/mpcc_control/share/ament_index/resource_index/parent_prefix_path/mpcc_control
[2.513s] -- Symlinking: /home/ojg/ae/install/mpcc_control/share/mpcc_control/environment/ament_prefix_path.sh
[2.521s] -- Symlinking: /home/ojg/ae/install/mpcc_control/share/mpcc_control/environment/ament_prefix_path.dsv
[2.530s] -- Symlinking: /home/ojg/ae/install/mpcc_control/share/mpcc_control/environment/path.sh
[2.541s] -- Symlinking: /home/ojg/ae/install/mpcc_control/share/mpcc_control/environment/path.dsv
[2.552s] -- Symlinking: /home/ojg/ae/install/mpcc_control/share/mpcc_control/local_setup.bash
[2.558s] -- Symlinking: /home/ojg/ae/install/mpcc_control/share/mpcc_control/local_setup.sh
[2.569s] -- Symlinking: /home/ojg/ae/install/mpcc_control/share/mpcc_control/local_setup.zsh
[2.578s] -- Symlinking: /home/ojg/ae/install/mpcc_control/share/mpcc_control/local_setup.dsv
[2.585s] -- Symlinking: /home/ojg/ae/install/mpcc_control/share/mpcc_control/package.dsv
[2.595s] -- Symlinking: /home/ojg/ae/install/mpcc_control/share/ament_index/resource_index/packages/mpcc_control
[2.605s] -- Symlinking: /home/ojg/ae/install/mpcc_control/share/mpcc_control/cmake/mpcc_controlConfig.cmake
[2.615s] -- Symlinking: /home/ojg/ae/install/mpcc_control/share/mpcc_control/cmake/mpcc_controlConfig-version.cmake
[2.622s] -- Symlinking: /home/ojg/ae/install/mpcc_control/share/mpcc_control/package.xml
[2.656s] Listing '/home/ojg/ae/install/mpcc_control/local/lib/python3.10/dist-packages/mpcc'...
[2.656s] Compiling '/home/ojg/ae/install/mpcc_control/local/lib/python3.10/dist-packages/mpcc/__init__.py'...
[2.670s] Invoked command in '/home/ojg/ae/build/mpcc_control' returned '0': CMAKE_PREFIX_PATH=${CMAKE_PREFIX_PATH}:/home/ojg/ae/install/obs_detect:/home/ojg/ae/install/lane_selector:/home/ojg/ae/install/visualization:/home/ojg/ae/install/map_control:/home/ojg/ae/install/joon_obs:/home/ojg/ae/install/f1tenth_gym_ros:/home/ojg/ae/install/evaluation:/home/ojg/ae/install/collision_avoidance:/opt/ros/humble /usr/bin/cmake --install /home/ojg/ae/build/mpcc_control
