[0.030s] Invoking command in '/home/ojg/ae/build/cimpcc_control': CMAKE_PREFIX_PATH=${CMAKE_PREFIX_PATH}:/home/ojg/ae/install/visualization:/home/ojg/ae/install/obs_detect:/home/ojg/ae/install/map_control:/home/ojg/ae/install/lane_selector:/home/ojg/ae/install/f1tenth_gym_ros:/home/ojg/ae/install/evaluation:/opt/ros/humble /usr/bin/cmake /home/ojg/ae/src/cimpcc_control -DCMAKE_BUILD_TYPE=Release -DAMENT_CMAKE_SYMLINK_INSTALL=1 -DCMAKE_INSTALL_PREFIX=/home/ojg/ae/install/cimpcc_control
[1.071s] -- The C compiler identification is GNU 11.4.0
[1.071s] -- The CXX compiler identification is GNU 11.4.0
[1.071s] -- Detecting C compiler ABI info
[1.071s] -- Detecting C compiler ABI info - done
[1.071s] -- Check for working C compiler: /usr/bin/cc - skipped
[1.071s] -- Detecting C compile features
[1.071s] -- Detecting C compile features - done
[1.071s] -- Detecting CXX compiler ABI info
[1.071s] -- Detecting CXX compiler ABI info - done
[1.071s] -- Check for working CXX compiler: /usr/bin/c++ - skipped
[1.072s] -- Detecting CXX compile features
[1.072s] -- Detecting CXX compile features - done
[1.072s] -- Found ament_cmake: 1.3.12 (/opt/ros/humble/share/ament_cmake/cmake)
[1.072s] -- Found Python3: /usr/bin/python3 (found version "3.10.12") found components: Interpreter 
[1.072s] -- Override CMake install command with custom implementation using symlinks instead of copying resources
[1.072s] -- Found rclcpp: 16.0.14 (/opt/ros/humble/share/rclcpp/cmake)
[1.072s] -- Found rosidl_generator_c: 3.1.7 (/opt/ros/humble/share/rosidl_generator_c/cmake)
[1.072s] -- Found rosidl_adapter: 3.1.7 (/opt/ros/humble/share/rosidl_adapter/cmake)
[1.072s] -- Found rosidl_generator_cpp: 3.1.7 (/opt/ros/humble/share/rosidl_generator_cpp/cmake)
[1.072s] -- Using all available rosidl_typesupport_c: rosidl_typesupport_fastrtps_c;rosidl_typesupport_introspection_c
[1.072s] -- Using all available rosidl_typesupport_cpp: rosidl_typesupport_fastrtps_cpp;rosidl_typesupport_introspection_cpp
[1.072s] -- Found rmw_implementation_cmake: 6.1.2 (/opt/ros/humble/share/rmw_implementation_cmake/cmake)
[1.072s] -- Found rmw_fastrtps_cpp: 6.2.8 (/opt/ros/humble/share/rmw_fastrtps_cpp/cmake)
[1.072s] -- Found OpenSSL: /usr/lib/x86_64-linux-gnu/libcrypto.so (found version "3.0.2")  
[1.072s] -- Found FastRTPS: /opt/ros/humble/include  
[1.072s] -- Using RMW implementation 'rmw_fastrtps_cpp' as default
[1.072s] -- Looking for pthread.h
[1.072s] -- Looking for pthread.h - found
[1.072s] -- Performing Test CMAKE_HAVE_LIBC_PTHREAD
[1.072s] -- Performing Test CMAKE_HAVE_LIBC_PTHREAD - Success
[1.072s] -- Found Threads: TRUE  
[1.072s] -- Found rclpy: 3.3.17 (/opt/ros/humble/share/rclpy/cmake)
[1.072s] -- Found geometry_msgs: 4.9.0 (/opt/ros/humble/share/geometry_msgs/cmake)
[1.072s] -- Found nav_msgs: 4.9.0 (/opt/ros/humble/share/nav_msgs/cmake)
[1.073s] -- Found ackermann_msgs: 2.0.2 (/opt/ros/humble/share/ackermann_msgs/cmake)
[1.073s] -- Found visualization_msgs: 4.9.0 (/opt/ros/humble/share/visualization_msgs/cmake)
[1.073s] -- Found ament_lint_auto: 0.12.14 (/opt/ros/humble/share/ament_lint_auto/cmake)
[1.097s] -- Added test 'copyright' to check source files copyright and LICENSE
[1.099s] -- Added test 'flake8' to check Python code syntax and style conventions
[1.100s] -- Added test 'lint_cmake' to check CMake code style
[1.101s] -- Added test 'pep257' to check Python code against some of the docstring style conventions in PEP 257
[1.102s] -- Added test 'xmllint' to check XML markup files
[1.104s] -- Configuring done
[1.107s] -- Generating done
[1.109s] -- Build files have been written to: /home/ojg/ae/build/cimpcc_control
[1.248s] Invoked command in '/home/ojg/ae/build/cimpcc_control' returned '0': CMAKE_PREFIX_PATH=${CMAKE_PREFIX_PATH}:/home/ojg/ae/install/visualization:/home/ojg/ae/install/obs_detect:/home/ojg/ae/install/map_control:/home/ojg/ae/install/lane_selector:/home/ojg/ae/install/f1tenth_gym_ros:/home/ojg/ae/install/evaluation:/opt/ros/humble /usr/bin/cmake /home/ojg/ae/src/cimpcc_control -DCMAKE_BUILD_TYPE=Release -DAMENT_CMAKE_SYMLINK_INSTALL=1 -DCMAKE_INSTALL_PREFIX=/home/ojg/ae/install/cimpcc_control
[1.249s] Invoking command in '/home/ojg/ae/build/cimpcc_control': CMAKE_PREFIX_PATH=${CMAKE_PREFIX_PATH}:/home/ojg/ae/install/visualization:/home/ojg/ae/install/obs_detect:/home/ojg/ae/install/map_control:/home/ojg/ae/install/lane_selector:/home/ojg/ae/install/f1tenth_gym_ros:/home/ojg/ae/install/evaluation:/opt/ros/humble /usr/bin/cmake --build /home/ojg/ae/build/cimpcc_control -- -j18 -l18
[1.294s] Built target ament_cmake_python_symlink_mpcc
[1.464s] running egg_info
[1.464s] creating mpcc.egg-info
[1.464s] writing mpcc.egg-info/PKG-INFO
[1.465s] writing dependency_links to mpcc.egg-info/dependency_links.txt
[1.465s] writing top-level names to mpcc.egg-info/top_level.txt
[1.465s] writing manifest file 'mpcc.egg-info/SOURCES.txt'
[1.466s] reading manifest file 'mpcc.egg-info/SOURCES.txt'
[1.466s] writing manifest file 'mpcc.egg-info/SOURCES.txt'
[1.484s] Built target ament_cmake_python_build_mpcc_egg
[1.491s] Invoked command in '/home/ojg/ae/build/cimpcc_control' returned '0': CMAKE_PREFIX_PATH=${CMAKE_PREFIX_PATH}:/home/ojg/ae/install/visualization:/home/ojg/ae/install/obs_detect:/home/ojg/ae/install/map_control:/home/ojg/ae/install/lane_selector:/home/ojg/ae/install/f1tenth_gym_ros:/home/ojg/ae/install/evaluation:/opt/ros/humble /usr/bin/cmake --build /home/ojg/ae/build/cimpcc_control -- -j18 -l18
[1.502s] Invoking command in '/home/ojg/ae/build/cimpcc_control': CMAKE_PREFIX_PATH=${CMAKE_PREFIX_PATH}:/home/ojg/ae/install/visualization:/home/ojg/ae/install/obs_detect:/home/ojg/ae/install/map_control:/home/ojg/ae/install/lane_selector:/home/ojg/ae/install/f1tenth_gym_ros:/home/ojg/ae/install/evaluation:/opt/ros/humble /usr/bin/cmake --install /home/ojg/ae/build/cimpcc_control
[1.510s] -- Install configuration: "Release"
[1.511s] -- Execute custom install script
[1.511s] -- Symlinking: /home/ojg/ae/install/cimpcc_control/share/cimpcc_control/environment/pythonpath.sh
[1.517s] -- Symlinking: /home/ojg/ae/install/cimpcc_control/share/cimpcc_control/environment/pythonpath.dsv
[1.523s] -- Symlinking: /home/ojg/ae/install/cimpcc_control/local/lib/python3.10/dist-packages/mpcc-0.0.0-py3.10.egg-info/PKG-INFO
[1.531s] -- Symlinking: /home/ojg/ae/install/cimpcc_control/local/lib/python3.10/dist-packages/mpcc-0.0.0-py3.10.egg-info/SOURCES.txt
[1.537s] -- Symlinking: /home/ojg/ae/install/cimpcc_control/local/lib/python3.10/dist-packages/mpcc-0.0.0-py3.10.egg-info/dependency_links.txt
[1.542s] -- Symlinking: /home/ojg/ae/install/cimpcc_control/local/lib/python3.10/dist-packages/mpcc-0.0.0-py3.10.egg-info/top_level.txt
[1.548s] -- Symlinking: /home/ojg/ae/install/cimpcc_control/local/lib/python3.10/dist-packages/mpcc/__init__.py
[1.554s] -- Symlinking: /home/ojg/ae/install/cimpcc_control/lib/cimpcc_control/mpcc_node.py
[1.559s] -- Symlinking: /home/ojg/ae/install/cimpcc_control/lib/cimpcc_control/mpcc.py
[1.565s] -- Symlinking: /home/ojg/ae/install/cimpcc_control/share/cimpcc_control//params/mpcc_params.yaml
[1.571s] -- Symlinking: /home/ojg/ae/install/cimpcc_control/share/ament_index/resource_index/package_run_dependencies/cimpcc_control
[1.577s] -- Symlinking: /home/ojg/ae/install/cimpcc_control/share/ament_index/resource_index/parent_prefix_path/cimpcc_control
[1.583s] -- Symlinking: /home/ojg/ae/install/cimpcc_control/share/cimpcc_control/environment/ament_prefix_path.sh
[1.593s] -- Symlinking: /home/ojg/ae/install/cimpcc_control/share/cimpcc_control/environment/ament_prefix_path.dsv
[1.604s] -- Symlinking: /home/ojg/ae/install/cimpcc_control/share/cimpcc_control/environment/path.sh
[1.613s] -- Symlinking: /home/ojg/ae/install/cimpcc_control/share/cimpcc_control/environment/path.dsv
[1.624s] -- Symlinking: /home/ojg/ae/install/cimpcc_control/share/cimpcc_control/local_setup.bash
[1.630s] -- Symlinking: /home/ojg/ae/install/cimpcc_control/share/cimpcc_control/local_setup.sh
[1.636s] -- Symlinking: /home/ojg/ae/install/cimpcc_control/share/cimpcc_control/local_setup.zsh
[1.642s] -- Symlinking: /home/ojg/ae/install/cimpcc_control/share/cimpcc_control/local_setup.dsv
[1.648s] -- Symlinking: /home/ojg/ae/install/cimpcc_control/share/cimpcc_control/package.dsv
[1.655s] -- Symlinking: /home/ojg/ae/install/cimpcc_control/share/ament_index/resource_index/packages/cimpcc_control
[1.661s] -- Symlinking: /home/ojg/ae/install/cimpcc_control/share/cimpcc_control/cmake/cimpcc_controlConfig.cmake
[1.672s] -- Symlinking: /home/ojg/ae/install/cimpcc_control/share/cimpcc_control/cmake/cimpcc_controlConfig-version.cmake
[1.682s] -- Symlinking: /home/ojg/ae/install/cimpcc_control/share/cimpcc_control/package.xml
[1.715s] Listing '/home/ojg/ae/install/cimpcc_control/local/lib/python3.10/dist-packages/mpcc'...
[1.715s] Compiling '/home/ojg/ae/install/cimpcc_control/local/lib/python3.10/dist-packages/mpcc/__init__.py'...
[1.736s] Invoked command in '/home/ojg/ae/build/cimpcc_control' returned '0': CMAKE_PREFIX_PATH=${CMAKE_PREFIX_PATH}:/home/ojg/ae/install/visualization:/home/ojg/ae/install/obs_detect:/home/ojg/ae/install/map_control:/home/ojg/ae/install/lane_selector:/home/ojg/ae/install/f1tenth_gym_ros:/home/ojg/ae/install/evaluation:/opt/ros/humble /usr/bin/cmake --install /home/ojg/ae/build/cimpcc_control
