[0.036s] Invoking command in '/home/ojg/ae/build/disparity_control': CMAKE_PREFIX_PATH=${CMAKE_PREFIX_PATH}:/home/ojg/ae/install/obs_detect:/home/ojg/ae/install/lane_selector:/home/ojg/ae/install/visualization:/home/ojg/ae/install/map_control:/home/ojg/ae/install/joon_obs:/home/ojg/ae/install/f1tenth_gym_ros:/home/ojg/ae/install/evaluation:/home/ojg/ae/install/collision_avoidance:/opt/ros/humble /usr/bin/cmake --build /home/ojg/ae/build/disparity_control -- -j18 -l18
[1.147s] [35m[1mConsolidate compiler generated dependencies of target disparity_autodrive_node[0m
[1.147s] [100%] Built target disparity_autodrive_node
[1.352s] Invoked command in '/home/ojg/ae/build/disparity_control' returned '0': CMAKE_PREFIX_PATH=${CMAKE_PREFIX_PATH}:/home/ojg/ae/install/obs_detect:/home/ojg/ae/install/lane_selector:/home/ojg/ae/install/visualization:/home/ojg/ae/install/map_control:/home/ojg/ae/install/joon_obs:/home/ojg/ae/install/f1tenth_gym_ros:/home/ojg/ae/install/evaluation:/home/ojg/ae/install/collision_avoidance:/opt/ros/humble /usr/bin/cmake --build /home/ojg/ae/build/disparity_control -- -j18 -l18
[1.353s] Invoking command in '/home/ojg/ae/build/disparity_control': CMAKE_PREFIX_PATH=${CMAKE_PREFIX_PATH}:/home/ojg/ae/install/obs_detect:/home/ojg/ae/install/lane_selector:/home/ojg/ae/install/visualization:/home/ojg/ae/install/map_control:/home/ojg/ae/install/joon_obs:/home/ojg/ae/install/f1tenth_gym_ros:/home/ojg/ae/install/evaluation:/home/ojg/ae/install/collision_avoidance:/opt/ros/humble /usr/bin/cmake --install /home/ojg/ae/build/disparity_control
[1.358s] -- Install configuration: "Release"
[1.359s] -- Execute custom install script
[1.359s] -- Up-to-date symlink: /home/ojg/ae/install/disparity_control/lib/disparity_control/disparity_autodrive_node
[1.360s] -- Up-to-date symlink: /home/ojg/ae/install/disparity_control/share/disparity_control//launch/disparity_autodrive.launch.py
[1.360s] -- Up-to-date symlink: /home/ojg/ae/install/disparity_control/share/disparity_control//config/disparity_params.yaml
[1.360s] -- Up-to-date symlink: /home/ojg/ae/install/disparity_control/share/ament_index/resource_index/package_run_dependencies/disparity_control
[1.360s] -- Up-to-date symlink: /home/ojg/ae/install/disparity_control/share/ament_index/resource_index/parent_prefix_path/disparity_control
[1.360s] -- Up-to-date symlink: /home/ojg/ae/install/disparity_control/share/disparity_control/environment/ament_prefix_path.sh
[1.360s] -- Up-to-date symlink: /home/ojg/ae/install/disparity_control/share/disparity_control/environment/ament_prefix_path.dsv
[1.360s] -- Up-to-date symlink: /home/ojg/ae/install/disparity_control/share/disparity_control/environment/path.sh
[1.361s] -- Up-to-date symlink: /home/ojg/ae/install/disparity_control/share/disparity_control/environment/path.dsv
[1.361s] -- Up-to-date symlink: /home/ojg/ae/install/disparity_control/share/disparity_control/local_setup.bash
[1.361s] -- Up-to-date symlink: /home/ojg/ae/install/disparity_control/share/disparity_control/local_setup.sh
[1.361s] -- Up-to-date symlink: /home/ojg/ae/install/disparity_control/share/disparity_control/local_setup.zsh
[1.361s] -- Up-to-date symlink: /home/ojg/ae/install/disparity_control/share/disparity_control/local_setup.dsv
[1.361s] -- Symlinking: /home/ojg/ae/install/disparity_control/share/disparity_control/package.dsv
[1.364s] -- Up-to-date symlink: /home/ojg/ae/install/disparity_control/share/ament_index/resource_index/packages/disparity_control
[1.364s] -- Up-to-date symlink: /home/ojg/ae/install/disparity_control/share/disparity_control/cmake/disparity_controlConfig.cmake
[1.364s] -- Up-to-date symlink: /home/ojg/ae/install/disparity_control/share/disparity_control/cmake/disparity_controlConfig-version.cmake
[1.364s] -- Up-to-date symlink: /home/ojg/ae/install/disparity_control/share/disparity_control/package.xml
[1.377s] Invoked command in '/home/ojg/ae/build/disparity_control' returned '0': CMAKE_PREFIX_PATH=${CMAKE_PREFIX_PATH}:/home/ojg/ae/install/obs_detect:/home/ojg/ae/install/lane_selector:/home/ojg/ae/install/visualization:/home/ojg/ae/install/map_control:/home/ojg/ae/install/joon_obs:/home/ojg/ae/install/f1tenth_gym_ros:/home/ojg/ae/install/evaluation:/home/ojg/ae/install/collision_avoidance:/opt/ros/humble /usr/bin/cmake --install /home/ojg/ae/build/disparity_control
