running develop
running egg_info
creating visualization.egg-info
writing visualization.egg-info/PKG-INFO
writing dependency_links to visualization.egg-info/dependency_links.txt
writing entry points to visualization.egg-info/entry_points.txt
writing requirements to visualization.egg-info/requires.txt
writing top-level names to visualization.egg-info/top_level.txt
writing manifest file 'visualization.egg-info/SOURCES.txt'
reading manifest file 'visualization.egg-info/SOURCES.txt'
writing manifest file 'visualization.egg-info/SOURCES.txt'
running build_ext
Creating /home/ojg/ae/install/visualization/lib/python3.10/site-packages/visualization.egg-link (link to .)
Installing csv_publisher script to /home/ojg/ae/install/visualization/lib/visualization

Installed /home/ojg/ae/build/visualization
running symlink_data
creating /home/ojg/ae/install/visualization/share/ament_index
creating /home/ojg/ae/install/visualization/share/ament_index/resource_index
creating /home/ojg/ae/install/visualization/share/ament_index/resource_index/packages
symbolically linking /home/ojg/ae/build/visualization/resource/visualization -> /home/ojg/ae/install/visualization/share/ament_index/resource_index/packages
symbolically linking /home/ojg/ae/build/visualization/package.xml -> /home/ojg/ae/install/visualization/share/visualization
creating /home/ojg/ae/install/visualization/share/visualization/config
symbolically linking /home/ojg/ae/build/visualization/config/visualization.yaml -> /home/ojg/ae/install/visualization/share/visualization/config
creating /home/ojg/ae/install/visualization/share/visualization/launch
symbolically linking /home/ojg/ae/build/visualization/launch/csv_visualization.launch.py -> /home/ojg/ae/install/visualization/share/visualization/launch
