[0.036s] Invoking command in '/home/ojg/ae/build/app_control': CMAKE_PREFIX_PATH=${CMAKE_PREFIX_PATH}:/home/ojg/ae/install/visualization:/home/ojg/ae/install/obs_detect:/home/ojg/ae/install/map_control:/home/ojg/ae/install/lane_selector:/home/ojg/ae/install/f1tenth_gym_ros:/home/ojg/ae/install/evaluation:/opt/ros/humble /usr/bin/cmake --build /home/ojg/ae/build/app_control -- -j18 -l18
[0.994s] [ 50%] Built target pure_pursuit_sim_node
[0.995s] [100%] Built target stanley_node
[1.192s] Invoked command in '/home/ojg/ae/build/app_control' returned '0': CMAKE_PREFIX_PATH=${CMAKE_PREFIX_PATH}:/home/ojg/ae/install/visualization:/home/ojg/ae/install/obs_detect:/home/ojg/ae/install/map_control:/home/ojg/ae/install/lane_selector:/home/ojg/ae/install/f1tenth_gym_ros:/home/ojg/ae/install/evaluation:/opt/ros/humble /usr/bin/cmake --build /home/ojg/ae/build/app_control -- -j18 -l18
[1.200s] Invoking command in '/home/ojg/ae/build/app_control': CMAKE_PREFIX_PATH=${CMAKE_PREFIX_PATH}:/home/ojg/ae/install/visualization:/home/ojg/ae/install/obs_detect:/home/ojg/ae/install/map_control:/home/ojg/ae/install/lane_selector:/home/ojg/ae/install/f1tenth_gym_ros:/home/ojg/ae/install/evaluation:/opt/ros/humble /usr/bin/cmake --install /home/ojg/ae/build/app_control
[1.207s] -- Install configuration: "Release"
[1.209s] -- Execute custom install script
[1.209s] -- Up-to-date symlink: /home/ojg/ae/install/app_control/lib/app_control/pure_pursuit_sim_node
[1.209s] -- Up-to-date symlink: /home/ojg/ae/install/app_control/lib/app_control/stanley_node
[1.209s] -- Up-to-date symlink: /home/ojg/ae/install/app_control/share/app_control//launch/pure_pursuit_launch.py
[1.209s] -- Up-to-date symlink: /home/ojg/ae/install/app_control/share/app_control//launch/stanley_launch.py
[1.209s] -- Up-to-date symlink: /home/ojg/ae/install/app_control/share/app_control//config/pure_pursuit_params.yaml
[1.209s] -- Up-to-date symlink: /home/ojg/ae/install/app_control/share/app_control//config/stanley_params.yaml
[1.209s] -- Up-to-date symlink: /home/ojg/ae/install/app_control/share/app_control//rviz/autonomous_driving.rviz
[1.209s] -- Up-to-date symlink: /home/ojg/ae/install/app_control/share/app_control//rviz/pure_pursuit.rviz
[1.209s] -- Up-to-date symlink: /home/ojg/ae/install/app_control/share/ament_index/resource_index/package_run_dependencies/app_control
[1.210s] -- Up-to-date symlink: /home/ojg/ae/install/app_control/share/ament_index/resource_index/parent_prefix_path/app_control
[1.210s] -- Up-to-date symlink: /home/ojg/ae/install/app_control/share/app_control/environment/ament_prefix_path.sh
[1.210s] -- Up-to-date symlink: /home/ojg/ae/install/app_control/share/app_control/environment/ament_prefix_path.dsv
[1.210s] -- Up-to-date symlink: /home/ojg/ae/install/app_control/share/app_control/environment/path.sh
[1.210s] -- Up-to-date symlink: /home/ojg/ae/install/app_control/share/app_control/environment/path.dsv
[1.210s] -- Up-to-date symlink: /home/ojg/ae/install/app_control/share/app_control/local_setup.bash
[1.210s] -- Up-to-date symlink: /home/ojg/ae/install/app_control/share/app_control/local_setup.sh
[1.210s] -- Up-to-date symlink: /home/ojg/ae/install/app_control/share/app_control/local_setup.zsh
[1.211s] -- Up-to-date symlink: /home/ojg/ae/install/app_control/share/app_control/local_setup.dsv
[1.211s] -- Symlinking: /home/ojg/ae/install/app_control/share/app_control/package.dsv
[1.219s] -- Up-to-date symlink: /home/ojg/ae/install/app_control/share/ament_index/resource_index/packages/app_control
[1.219s] -- Up-to-date symlink: /home/ojg/ae/install/app_control/share/app_control/cmake/app_controlConfig.cmake
[1.219s] -- Up-to-date symlink: /home/ojg/ae/install/app_control/share/app_control/cmake/app_controlConfig-version.cmake
[1.219s] -- Up-to-date symlink: /home/ojg/ae/install/app_control/share/app_control/package.xml
[1.225s] Invoked command in '/home/ojg/ae/build/app_control' returned '0': CMAKE_PREFIX_PATH=${CMAKE_PREFIX_PATH}:/home/ojg/ae/install/visualization:/home/ojg/ae/install/obs_detect:/home/ojg/ae/install/map_control:/home/ojg/ae/install/lane_selector:/home/ojg/ae/install/f1tenth_gym_ros:/home/ojg/ae/install/evaluation:/opt/ros/humble /usr/bin/cmake --install /home/ojg/ae/build/app_control
