[0.033s] Invoking command in '/home/ojg/ae/build/app_control': CMAKE_PREFIX_PATH=${CMAKE_PREFIX_PATH}:/home/ojg/ae/install/obs_detect:/home/ojg/ae/install/lane_selector:/home/ojg/ae/install/visualization:/home/ojg/ae/install/map_control:/home/ojg/ae/install/joon_obs:/home/ojg/ae/install/f1tenth_gym_ros:/home/ojg/ae/install/evaluation:/home/ojg/ae/install/collision_avoidance:/opt/ros/humble /usr/bin/cmake /home/ojg/ae/src/app_control -DCMAKE_BUILD_TYPE=Release -DAMENT_CMAKE_SYMLINK_INSTALL=1 -DCMAKE_INSTALL_PREFIX=/home/ojg/ae/install/app_control
[1.220s] -- The C compiler identification is GNU 11.4.0
[1.221s] -- The CXX compiler identification is GNU 11.4.0
[1.221s] -- Detecting C compiler ABI info
[1.221s] -- Detecting C compiler ABI info - done
[1.221s] -- Check for working C compiler: /usr/bin/cc - skipped
[1.221s] -- Detecting C compile features
[1.221s] -- Detecting C compile features - done
[1.221s] -- Detecting CXX compiler ABI info
[1.221s] -- Detecting CXX compiler ABI info - done
[1.221s] -- Check for working CXX compiler: /usr/bin/c++ - skipped
[1.221s] -- Detecting CXX compile features
[1.221s] -- Detecting CXX compile features - done
[1.221s] -- Found ament_cmake: 1.3.12 (/opt/ros/humble/share/ament_cmake/cmake)
[1.221s] -- Found Python3: /usr/bin/python3 (found version "3.10.12") found components: Interpreter 
[1.221s] -- Override CMake install command with custom implementation using symlinks instead of copying resources
[1.221s] -- Found rclcpp: 16.0.14 (/opt/ros/humble/share/rclcpp/cmake)
[1.222s] -- Found rosidl_generator_c: 3.1.7 (/opt/ros/humble/share/rosidl_generator_c/cmake)
[1.222s] -- Found rosidl_adapter: 3.1.7 (/opt/ros/humble/share/rosidl_adapter/cmake)
[1.222s] -- Found rosidl_generator_cpp: 3.1.7 (/opt/ros/humble/share/rosidl_generator_cpp/cmake)
[1.222s] -- Using all available rosidl_typesupport_c: rosidl_typesupport_fastrtps_c;rosidl_typesupport_introspection_c
[1.222s] -- Using all available rosidl_typesupport_cpp: rosidl_typesupport_fastrtps_cpp;rosidl_typesupport_introspection_cpp
[1.222s] -- Found rmw_implementation_cmake: 6.1.2 (/opt/ros/humble/share/rmw_implementation_cmake/cmake)
[1.222s] -- Found rmw_fastrtps_cpp: 6.2.8 (/opt/ros/humble/share/rmw_fastrtps_cpp/cmake)
[1.222s] -- Found OpenSSL: /usr/lib/x86_64-linux-gnu/libcrypto.so (found version "3.0.2")  
[1.222s] -- Found FastRTPS: /opt/ros/humble/include  
[1.222s] -- Using RMW implementation 'rmw_fastrtps_cpp' as default
[1.222s] -- Looking for pthread.h
[1.222s] -- Looking for pthread.h - found
[1.222s] -- Performing Test CMAKE_HAVE_LIBC_PTHREAD
[1.223s] -- Performing Test CMAKE_HAVE_LIBC_PTHREAD - Success
[1.223s] -- Found Threads: TRUE  
[1.223s] -- Found geometry_msgs: 4.9.0 (/opt/ros/humble/share/geometry_msgs/cmake)
[1.223s] -- Found nav_msgs: 4.9.0 (/opt/ros/humble/share/nav_msgs/cmake)
[1.223s] -- Found sensor_msgs: 4.9.0 (/opt/ros/humble/share/sensor_msgs/cmake)
[1.223s] -- Found ackermann_msgs: 2.0.2 (/opt/ros/humble/share/ackermann_msgs/cmake)
[1.223s] -- Found visualization_msgs: 4.9.0 (/opt/ros/humble/share/visualization_msgs/cmake)
[1.224s] -- Found tf2: 0.25.16 (/opt/ros/humble/share/tf2/cmake)
[1.224s] -- Found tf2_ros: 0.25.16 (/opt/ros/humble/share/tf2_ros/cmake)
[1.224s] -- Found tf2_geometry_msgs: 0.25.16 (/opt/ros/humble/share/tf2_geometry_msgs/cmake)
[1.224s] -- Found eigen3_cmake_module: 0.1.1 (/opt/ros/humble/share/eigen3_cmake_module/cmake)
[1.224s] -- Found Eigen3: TRUE (found version "3.4.0") 
[1.224s] -- Ensuring Eigen3 include directory is part of orocos-kdl CMake target
[1.224s] -- Found ament_lint_auto: 0.12.14 (/opt/ros/humble/share/ament_lint_auto/cmake)
[1.224s] -- Added test 'copyright' to check source files copyright and LICENSE
[1.224s] -- Added test 'cppcheck' to perform static code analysis on C / C++ code
[1.224s] -- Configured cppcheck include dirs: 
[1.224s] -- Configured cppcheck exclude dirs and/or files: 
[1.224s] -- Added test 'cpplint' to check C / C++ code against the Google style
[1.224s] -- Configured cpplint exclude dirs and/or files: 
[1.224s] -- Added test 'flake8' to check Python code syntax and style conventions
[1.224s] -- Added test 'lint_cmake' to check CMake code style
[1.224s] -- Added test 'pep257' to check Python code against some of the docstring style conventions in PEP 257
[1.224s] -- Added test 'uncrustify' to check C / C++ code style
[1.224s] -- Configured uncrustify additional arguments: 
[1.225s] -- Added test 'xmllint' to check XML markup files
[1.225s] -- Configuring done
[1.225s] -- Generating done
[1.225s] -- Build files have been written to: /home/ojg/ae/build/app_control
[1.460s] Invoked command in '/home/ojg/ae/build/app_control' returned '0': CMAKE_PREFIX_PATH=${CMAKE_PREFIX_PATH}:/home/ojg/ae/install/obs_detect:/home/ojg/ae/install/lane_selector:/home/ojg/ae/install/visualization:/home/ojg/ae/install/map_control:/home/ojg/ae/install/joon_obs:/home/ojg/ae/install/f1tenth_gym_ros:/home/ojg/ae/install/evaluation:/home/ojg/ae/install/collision_avoidance:/opt/ros/humble /usr/bin/cmake /home/ojg/ae/src/app_control -DCMAKE_BUILD_TYPE=Release -DAMENT_CMAKE_SYMLINK_INSTALL=1 -DCMAKE_INSTALL_PREFIX=/home/ojg/ae/install/app_control
[1.461s] Invoking command in '/home/ojg/ae/build/app_control': CMAKE_PREFIX_PATH=${CMAKE_PREFIX_PATH}:/home/ojg/ae/install/obs_detect:/home/ojg/ae/install/lane_selector:/home/ojg/ae/install/visualization:/home/ojg/ae/install/map_control:/home/ojg/ae/install/joon_obs:/home/ojg/ae/install/f1tenth_gym_ros:/home/ojg/ae/install/evaluation:/home/ojg/ae/install/collision_avoidance:/opt/ros/humble /usr/bin/cmake --build /home/ojg/ae/build/app_control -- -j18 -l18
[1.514s] [ 50%] [32mBuilding CXX object CMakeFiles/stanley_node.dir/src/stanley_node.cpp.o[0m
[1.514s] [ 50%] [32mBuilding CXX object CMakeFiles/pure_pursuit_sim_node.dir/src/pure_pursuit_sim_node.cpp.o[0m
[11.401s] [ 75%] [32m[1mLinking CXX executable stanley_node[0m
[11.565s] [ 75%] Built target stanley_node
[17.608s] [100%] [32m[1mLinking CXX executable pure_pursuit_sim_node[0m
[17.762s] [100%] Built target pure_pursuit_sim_node
[17.773s] Invoked command in '/home/ojg/ae/build/app_control' returned '0': CMAKE_PREFIX_PATH=${CMAKE_PREFIX_PATH}:/home/ojg/ae/install/obs_detect:/home/ojg/ae/install/lane_selector:/home/ojg/ae/install/visualization:/home/ojg/ae/install/map_control:/home/ojg/ae/install/joon_obs:/home/ojg/ae/install/f1tenth_gym_ros:/home/ojg/ae/install/evaluation:/home/ojg/ae/install/collision_avoidance:/opt/ros/humble /usr/bin/cmake --build /home/ojg/ae/build/app_control -- -j18 -l18
[17.774s] Invoking command in '/home/ojg/ae/build/app_control': CMAKE_PREFIX_PATH=${CMAKE_PREFIX_PATH}:/home/ojg/ae/install/obs_detect:/home/ojg/ae/install/lane_selector:/home/ojg/ae/install/visualization:/home/ojg/ae/install/map_control:/home/ojg/ae/install/joon_obs:/home/ojg/ae/install/f1tenth_gym_ros:/home/ojg/ae/install/evaluation:/home/ojg/ae/install/collision_avoidance:/opt/ros/humble /usr/bin/cmake --install /home/ojg/ae/build/app_control
[17.780s] -- Install configuration: "Release"
[17.780s] -- Execute custom install script
[17.781s] -- Symlinking: /home/ojg/ae/install/app_control/lib/app_control/pure_pursuit_sim_node
[17.788s] -- Symlinking: /home/ojg/ae/install/app_control/lib/app_control/stanley_node
[17.796s] -- Symlinking: /home/ojg/ae/install/app_control/share/app_control//launch/pure_pursuit_launch.py
[17.802s] -- Symlinking: /home/ojg/ae/install/app_control/share/app_control//launch/stanley_launch.py
[17.807s] -- Symlinking: /home/ojg/ae/install/app_control/share/app_control//config/pure_pursuit_params.yaml
[17.813s] -- Symlinking: /home/ojg/ae/install/app_control/share/app_control//config/stanley_params.yaml
[17.818s] -- Symlinking: /home/ojg/ae/install/app_control/share/app_control//rviz/autonomous_driving.rviz
[17.824s] -- Symlinking: /home/ojg/ae/install/app_control/share/app_control//rviz/pure_pursuit.rviz
[17.830s] -- Symlinking: /home/ojg/ae/install/app_control/share/ament_index/resource_index/package_run_dependencies/app_control
[17.835s] -- Symlinking: /home/ojg/ae/install/app_control/share/ament_index/resource_index/parent_prefix_path/app_control
[17.840s] -- Symlinking: /home/ojg/ae/install/app_control/share/app_control/environment/ament_prefix_path.sh
[17.846s] -- Symlinking: /home/ojg/ae/install/app_control/share/app_control/environment/ament_prefix_path.dsv
[17.852s] -- Symlinking: /home/ojg/ae/install/app_control/share/app_control/environment/path.sh
[17.859s] -- Symlinking: /home/ojg/ae/install/app_control/share/app_control/environment/path.dsv
[17.865s] -- Symlinking: /home/ojg/ae/install/app_control/share/app_control/local_setup.bash
[17.870s] -- Symlinking: /home/ojg/ae/install/app_control/share/app_control/local_setup.sh
[17.876s] -- Symlinking: /home/ojg/ae/install/app_control/share/app_control/local_setup.zsh
[17.882s] -- Symlinking: /home/ojg/ae/install/app_control/share/app_control/local_setup.dsv
[17.890s] -- Symlinking: /home/ojg/ae/install/app_control/share/app_control/package.dsv
[17.897s] -- Symlinking: /home/ojg/ae/install/app_control/share/ament_index/resource_index/packages/app_control
[17.903s] -- Symlinking: /home/ojg/ae/install/app_control/share/app_control/cmake/app_controlConfig.cmake
[17.910s] -- Symlinking: /home/ojg/ae/install/app_control/share/app_control/cmake/app_controlConfig-version.cmake
[17.916s] -- Symlinking: /home/ojg/ae/install/app_control/share/app_control/package.xml
[17.924s] Invoked command in '/home/ojg/ae/build/app_control' returned '0': CMAKE_PREFIX_PATH=${CMAKE_PREFIX_PATH}:/home/ojg/ae/install/obs_detect:/home/ojg/ae/install/lane_selector:/home/ojg/ae/install/visualization:/home/ojg/ae/install/map_control:/home/ojg/ae/install/joon_obs:/home/ojg/ae/install/f1tenth_gym_ros:/home/ojg/ae/install/evaluation:/home/ojg/ae/install/collision_avoidance:/opt/ros/humble /usr/bin/cmake --install /home/ojg/ae/build/app_control
