running develop
running egg_info
creating lane_selector.egg-info
writing lane_selector.egg-info/PKG-INFO
writing dependency_links to lane_selector.egg-info/dependency_links.txt
writing entry points to lane_selector.egg-info/entry_points.txt
writing requirements to lane_selector.egg-info/requires.txt
writing top-level names to lane_selector.egg-info/top_level.txt
writing manifest file 'lane_selector.egg-info/SOURCES.txt'
reading manifest file 'lane_selector.egg-info/SOURCES.txt'
writing manifest file 'lane_selector.egg-info/SOURCES.txt'
running build_ext
Creating /home/ojg/ae/install/lane_selector/lib/python3.10/site-packages/lane-selector.egg-link (link to .)
Installing lane_selector_node script to /home/ojg/ae/install/lane_selector/lib/lane_selector

Installed /home/ojg/ae/build/lane_selector
running symlink_data
creating /home/ojg/ae/install/lane_selector/share/ament_index
creating /home/ojg/ae/install/lane_selector/share/ament_index/resource_index
creating /home/ojg/ae/install/lane_selector/share/ament_index/resource_index/packages
symbolically linking /home/ojg/ae/build/lane_selector/resource/lane_selector -> /home/ojg/ae/install/lane_selector/share/ament_index/resource_index/packages
symbolically linking /home/ojg/ae/build/lane_selector/package.xml -> /home/ojg/ae/install/lane_selector/share/lane_selector
creating /home/ojg/ae/install/lane_selector/share/lane_selector/config
symbolically linking /home/ojg/ae/build/lane_selector/config/lane_selector.yaml -> /home/ojg/ae/install/lane_selector/share/lane_selector/config
creating /home/ojg/ae/install/lane_selector/share/lane_selector/launch
symbolically linking /home/ojg/ae/build/lane_selector/launch/lane_selector_launch.py -> /home/ojg/ae/install/lane_selector/share/lane_selector/launch
