running develop
running egg_info
creating map_control.egg-info
writing map_control.egg-info/PKG-INFO
writing dependency_links to map_control.egg-info/dependency_links.txt
writing entry points to map_control.egg-info/entry_points.txt
writing requirements to map_control.egg-info/requires.txt
writing top-level names to map_control.egg-info/top_level.txt
writing manifest file 'map_control.egg-info/SOURCES.txt'
reading manifest file 'map_control.egg-info/SOURCES.txt'
writing manifest file 'map_control.egg-info/SOURCES.txt'
running build_ext
Creating /home/ojg/ae/install/map_control/lib/python3.10/site-packages/map-control.egg-link (link to .)
Installing drive_relay script to /home/ojg/ae/install/map_control/lib/map_control
Installing lap_timer_node script to /home/ojg/ae/install/map_control/lib/map_control
Installing map_controller script to /home/ojg/ae/install/map_control/lib/map_control
Installing map_controller_ojg_test script to /home/ojg/ae/install/map_control/lib/map_control

Installed /home/ojg/ae/build/map_control
running symlink_data
creating /home/ojg/ae/install/map_control/share/ament_index
creating /home/ojg/ae/install/map_control/share/ament_index/resource_index
creating /home/ojg/ae/install/map_control/share/ament_index/resource_index/packages
symbolically linking /home/ojg/ae/build/map_control/resource/map_control -> /home/ojg/ae/install/map_control/share/ament_index/resource_index/packages
symbolically linking /home/ojg/ae/build/map_control/package.xml -> /home/ojg/ae/install/map_control/share/map_control
creating /home/ojg/ae/install/map_control/share/map_control/launch
symbolically linking /home/ojg/ae/build/map_control/launch/map_controller.launch.py -> /home/ojg/ae/install/map_control/share/map_control/launch
symbolically linking /home/ojg/ae/build/map_control/launch/map_controller_ojg_test.launch.py -> /home/ojg/ae/install/map_control/share/map_control/launch
symbolically linking /home/ojg/ae/build/map_control/launch/map_with_lane_selector.launch.py -> /home/ojg/ae/install/map_control/share/map_control/launch
symbolically linking /home/ojg/ae/build/map_control/launch/map_with_lane_selector_ojg_test.launch.py -> /home/ojg/ae/install/map_control/share/map_control/launch
symbolically linking /home/ojg/ae/build/map_control/launch/lap_timer.launch.py -> /home/ojg/ae/install/map_control/share/map_control/launch
creating /home/ojg/ae/install/map_control/share/map_control/config
symbolically linking /home/ojg/ae/build/map_control/config/map_control_params.yaml -> /home/ojg/ae/install/map_control/share/map_control/config
creating /home/ojg/ae/install/map_control/share/map_control/config/steering_lut
symbolically linking /home/ojg/ae/build/map_control/config/steering_lut/NUC2_pacejka_lookup_table.csv -> /home/ojg/ae/install/map_control/share/map_control/config/steering_lut
